02-Jun-2025 10:26:45.271 INFO [main] org.apache.catalina.startup.VersionLoggerListener.log Server version name:   Apache Tomcat/9.0.104
02-Jun-2025 10:26:45.278 INFO [main] org.apache.catalina.startup.VersionLoggerListener.log Server built:          Apr 4 2025 12:32:55 UTC
02-Jun-2025 10:26:45.278 INFO [main] org.apache.catalina.startup.VersionLoggerListener.log Server version number: 9.0.104.0
02-Jun-2025 10:26:45.278 INFO [main] org.apache.catalina.startup.VersionLoggerListener.log OS Name:               Windows 11
02-Jun-2025 10:26:45.278 INFO [main] org.apache.catalina.startup.VersionLoggerListener.log OS Version:            10.0
02-Jun-2025 10:26:45.278 INFO [main] org.apache.catalina.startup.VersionLoggerListener.log Architecture:          amd64
02-Jun-2025 10:26:45.279 INFO [main] org.apache.catalina.startup.VersionLoggerListener.log Java Home:             C:\Users\rashm\.jdks\openjdk-23.0.2
02-Jun-2025 10:26:45.279 INFO [main] org.apache.catalina.startup.VersionLoggerListener.log JVM Version:           23.0.2+7-58
02-Jun-2025 10:26:45.279 INFO [main] org.apache.catalina.startup.VersionLoggerListener.log JVM Vendor:            Oracle Corporation
02-Jun-2025 10:26:45.279 INFO [main] org.apache.catalina.startup.VersionLoggerListener.log CATALINA_BASE:         C:\Servlet_Projects\Servlet\FormServlet
02-Jun-2025 10:26:45.280 INFO [main] org.apache.catalina.startup.VersionLoggerListener.log CATALINA_HOME:         C:\apache-tomcat-9.0.104
02-Jun-2025 10:26:45.296 INFO [main] org.apache.catalina.startup.VersionLoggerListener.log Command line argument: --add-opens=java.base/java.lang=ALL-UNNAMED
02-Jun-2025 10:26:45.296 INFO [main] org.apache.catalina.startup.VersionLoggerListener.log Command line argument: --add-opens=java.base/java.io=ALL-UNNAMED
02-Jun-2025 10:26:45.296 INFO [main] org.apache.catalina.startup.VersionLoggerListener.log Command line argument: --add-opens=java.base/java.util=ALL-UNNAMED
02-Jun-2025 10:26:45.297 INFO [main] org.apache.catalina.startup.VersionLoggerListener.log Command line argument: --add-opens=java.base/java.util.concurrent=ALL-UNNAMED
02-Jun-2025 10:26:45.297 INFO [main] org.apache.catalina.startup.VersionLoggerListener.log Command line argument: --add-opens=java.rmi/sun.rmi.transport=ALL-UNNAMED
02-Jun-2025 10:26:45.297 INFO [main] org.apache.catalina.startup.VersionLoggerListener.log Command line argument: -Dcatalina.home=C:\apache-tomcat-9.0.104
02-Jun-2025 10:26:45.297 INFO [main] org.apache.catalina.startup.VersionLoggerListener.log Command line argument: -Dcatalina.base=C:\Servlet_Projects\Servlet\FormServlet
02-Jun-2025 10:26:45.297 INFO [main] org.apache.catalina.startup.VersionLoggerListener.log Command line argument: -Djava.io.tmpdir=C:\Servlet_Projects\Servlet\FormServlet\temp
02-Jun-2025 10:26:45.297 INFO [main] org.apache.catalina.startup.VersionLoggerListener.log Command line argument: -Djava.util.logging.config.file=C:\Servlet_Projects\Servlet\FormServlet\conf\logging.properties
02-Jun-2025 10:26:45.297 INFO [main] org.apache.catalina.startup.VersionLoggerListener.log Command line argument: -Djava.util.logging.manager=org.apache.juli.ClassLoaderLogManager
02-Jun-2025 10:26:45.297 INFO [main] org.apache.catalina.startup.VersionLoggerListener.log Command line argument: -javaagent:C:\Users\rashm\ideaIC-2024.1.4.win\lib\idea_rt.jar=51199:C:\Users\rashm\ideaIC-2024.1.4.win\bin
02-Jun-2025 10:26:45.298 INFO [main] org.apache.catalina.startup.VersionLoggerListener.log Command line argument: -Dfile.encoding=UTF-8
02-Jun-2025 10:26:45.298 INFO [main] org.apache.catalina.startup.VersionLoggerListener.log Command line argument: -Dsun.stdout.encoding=UTF-8
02-Jun-2025 10:26:45.298 INFO [main] org.apache.catalina.startup.VersionLoggerListener.log Command line argument: -Dsun.stderr.encoding=UTF-8
02-Jun-2025 10:26:45.681 INFO [main] org.apache.catalina.core.AprLifecycleListener.lifecycleEvent Loaded Apache Tomcat Native library [1.3.1] using APR version [1.7.4].
02-Jun-2025 10:26:45.681 INFO [main] org.apache.catalina.core.AprLifecycleListener.lifecycleEvent APR capabilities: IPv6 [true], sendfile [true], accept filters [false], random [true], UDS [true].
02-Jun-2025 10:26:45.682 INFO [main] org.apache.catalina.core.AprLifecycleListener.lifecycleEvent APR/OpenSSL configuration: useAprConnector [false], useOpenSSL [true]
02-Jun-2025 10:26:45.697 INFO [main] org.apache.catalina.core.AprLifecycleListener.initializeSSL OpenSSL successfully initialized [OpenSSL 3.0.14 4 Jun 2024]
02-Jun-2025 10:26:46.448 INFO [main] org.apache.coyote.AbstractProtocol.init Initializing ProtocolHandler ["http-nio-8080"]
02-Jun-2025 10:26:46.486 INFO [main] org.apache.catalina.startup.Catalina.load Server initialization in [1692] milliseconds
02-Jun-2025 10:26:46.582 INFO [main] org.apache.catalina.core.StandardService.startInternal Starting service [Catalina]
02-Jun-2025 10:26:46.582 INFO [main] org.apache.catalina.core.StandardEngine.startInternal Starting Servlet engine: [Apache Tomcat/9.0.104]
02-Jun-2025 10:26:46.606 INFO [main] org.apache.catalina.startup.HostConfig.deployDescriptor Deploying deployment descriptor [C:\Servlet_Projects\Servlet\FormServlet\conf\Catalina\localhost\rashk.xml]
02-Jun-2025 10:26:47.327 INFO [main] org.apache.catalina.startup.HostConfig.deployDescriptor Deployment of deployment descriptor [C:\Servlet_Projects\Servlet\FormServlet\conf\Catalina\localhost\rashk.xml] has finished in [720] ms
02-Jun-2025 10:26:47.338 INFO [main] org.apache.coyote.AbstractProtocol.start Starting ProtocolHandler ["http-nio-8080"]
02-Jun-2025 10:26:47.386 INFO [main] org.apache.catalina.startup.Catalina.start Server startup in [897] milliseconds
02-Jun-2025 10:31:00.299 INFO [Thread-1] org.apache.coyote.AbstractProtocol.pause Pausing ProtocolHandler ["http-nio-8080"]
02-Jun-2025 10:31:00.310 INFO [Thread-1] org.apache.catalina.core.StandardService.stopInternal Stopping service [Catalina]
02-Jun-2025 10:31:00.336 INFO [Thread-1] org.apache.coyote.AbstractProtocol.stop Stopping ProtocolHandler ["http-nio-8080"]
02-Jun-2025 10:31:00.343 INFO [Thread-1] org.apache.coyote.AbstractProtocol.destroy Destroying ProtocolHandler ["http-nio-8080"]
